  BaseScene.cpp
  CanvasOptionBase.cpp
  GameCanvasOptionBase.cpp
  OptionDataBase.cpp
  Game.cpp
  GameOptionData.cpp
  GameClear.cpp
  GameDance.cpp
  GameMenu.cpp
  GameUsually.cpp
  ITitleStateChanger.cpp
  ISceneChanger.cpp
  Main.cpp
  GameCanvasBase.cpp
  Manual.cpp
  ManualCanvasOptionBase.cpp
  ManualOptionData.cpp
  ManualStage.cpp
  ManualOperation.cpp
  ManualRule.cpp
  コンパイル中...
  ManualCanvasBase.cpp
  ManualUsually.cpp
  Title.cpp
  TitleCanvasOptionBase.cpp
  TitleOptionData.cpp
  TitleDelete.cpp
  TitleToGameOptionData.cpp
  TitleUsually.cpp
  SceneMgr.cpp
  CanvasBase.cpp
  TextData.cpp
  StageMgr.cpp
  コード生成しています。
  33 of 749 functions ( 4.4%) were compiled, the rest were copied from previous compilation.
    7 functions were new in current compilation
    2 functions had inline decision re-evaluated but remain unchanged
  コード生成が終了しました。
  Action.vcxproj -> C:\Users\Yu-rei\Music\Action\Action\x64\Release\Action.exe
