  BaseScene.cpp
  Camera.cpp
  ClearArea.cpp
  Collision.cpp
  Game.cpp
  GameCanvasBase.cpp
  GameCanvasOptionBase.cpp
  GameClear.cpp
  GameDance.cpp
  GameMenu.cpp
  GameUsually.cpp
  Hit.cpp
  IActionBase.cpp
  Item.cpp
  ItemAction.cpp
  ItemBaggage.cpp
  ItemHit.cpp
  ItemMoveX.cpp
  ItemMoveY.cpp
  ItemPutted.cpp
  コードを生成中...
  コンパイル中...
  ItemStartThrow.cpp
  Main.cpp
  Manual.cpp
  ManualCanvasBase.cpp
  ManualCanvasOptionBase.cpp
  ManualOperation.cpp
  ManualRule.cpp
  ManualStage.cpp
  ManualUsually.cpp
  Object.cpp
  Player.cpp
  PlayerAction.cpp
  PlayerActionBaggage.cpp
  PlayerDance.cpp
  PlayerHit.cpp
  PlayerInversion.cpp
  PlayerMoveX.cpp
  PlayerMoveY.cpp
  SceneMgr.cpp
  Sound.cpp
  コードを生成中...
  コンパイル中...
  StageMgr.cpp
  Terrain.cpp
  Title.cpp
  TitleCanvasOptionBase.cpp
  TitleDelete.cpp
  TitleUsually.cpp
  コードを生成中...
  Action.vcxproj -> C:\Users\student\Desktop\Action\Action\x64\Debug\Action.exe
